Performing C++ SOURCE FILE Test vtk_have_compiler_flag-CXX--wd4251 failed with the following output:
Change Dir: /work/build-vtk-wasm-2/CMakeFiles/CMakeTmp

Run Build Command(s):/usr/bin/ninja cmTC_4a9ac && [1/2] Building CXX object CMakeFiles/cmTC_4a9ac.dir/src.cxx.o
FAILED: CMakeFiles/cmTC_4a9ac.dir/src.cxx.o 
/emsdk/upstream/emscripten/em++   -Dvtk_have_compiler_flag-CXX--wd4251 -wd4251 -std=c++11 -MD -MT CMakeFiles/cmTC_4a9ac.dir/src.cxx.o -MF CMakeFiles/cmTC_4a9ac.dir/src.cxx.o.d -o CMakeFiles/cmTC_4a9ac.dir/src.cxx.o -c /work/build-vtk-wasm-2/CMakeFiles/CMakeTmp/src.cxx
clang-16: error: unknown argument: '-wd4251'
em++: error: '/emsdk/upstream/bin/clang++ -target wasm32-unknown-emscripten -fignore-exceptions -fvisibility=default -mllvm -combiner-global-alias-analysis=false -mllvm -enable-emscripten-sjlj -mllvm -disable-lsr -DEMSCRIPTEN -I/emsdk/upstream/emscripten/cache/sysroot/include/SDL --sysroot=/emsdk/upstream/emscripten/cache/sysroot -Xclang -iwithsysroot/include/compat -Dvtk_have_compiler_flag-CXX--wd4251 -wd4251 -std=c++11 -MD -MT CMakeFiles/cmTC_4a9ac.dir/src.cxx.o -MF CMakeFiles/cmTC_4a9ac.dir/src.cxx.o.d -c /work/build-vtk-wasm-2/CMakeFiles/CMakeTmp/src.cxx -o CMakeFiles/cmTC_4a9ac.dir/src.cxx.o' failed (returned 1)
ninja: build stopped: subcommand failed.


Source file was:
int main() { return 0; }
Performing C++ SOURCE FILE Test vtk_have_compiler_flag-CXX--EHsc failed with the following output:
Change Dir: /work/build-vtk-wasm-2/CMakeFiles/CMakeTmp

Run Build Command(s):/usr/bin/ninja cmTC_618d9 && [1/2] Building CXX object CMakeFiles/cmTC_618d9.dir/src.cxx.o
FAILED: CMakeFiles/cmTC_618d9.dir/src.cxx.o 
/emsdk/upstream/emscripten/em++   -Dvtk_have_compiler_flag-CXX--EHsc -EHsc -std=c++11 -MD -MT CMakeFiles/cmTC_618d9.dir/src.cxx.o -MF CMakeFiles/cmTC_618d9.dir/src.cxx.o.d -o CMakeFiles/cmTC_618d9.dir/src.cxx.o -c /work/build-vtk-wasm-2/CMakeFiles/CMakeTmp/src.cxx
clang-16: error: unknown argument: '-EHsc'
em++: error: '/emsdk/upstream/bin/clang++ -target wasm32-unknown-emscripten -fignore-exceptions -fvisibility=default -mllvm -combiner-global-alias-analysis=false -mllvm -enable-emscripten-sjlj -mllvm -disable-lsr -DEMSCRIPTEN -I/emsdk/upstream/emscripten/cache/sysroot/include/SDL --sysroot=/emsdk/upstream/emscripten/cache/sysroot -Xclang -iwithsysroot/include/compat -Dvtk_have_compiler_flag-CXX--EHsc -EHsc -std=c++11 -MD -MT CMakeFiles/cmTC_618d9.dir/src.cxx.o -MF CMakeFiles/cmTC_618d9.dir/src.cxx.o.d -c /work/build-vtk-wasm-2/CMakeFiles/CMakeTmp/src.cxx -o CMakeFiles/cmTC_618d9.dir/src.cxx.o' failed (returned 1)
ninja: build stopped: subcommand failed.


Source file was:
int main() { return 0; }
Performing C++ SOURCE FILE Test VTK_REQUIRE_LARGE_FILE_SUPPORT failed with the following compile output:
Change Dir: /work/build-vtk-wasm-2/CMakeFiles/CMakeTmp

Run Build Command(s):/usr/bin/ninja cmTC_89292 && [1/2] Building CXX object CMakeFiles/cmTC_89292.dir/src.cxx.o
[2/2] Linking CXX executable cmTC_89292.js


...and run output:

Return value: 2
Source file was:
#define _LARGEFILE_SOURCE
#define _LARGE_FILES
#define _FILE_OFFSET_BITS 64
#include <cassert>
#include <cstdio>
#include <sys/stat.h>
#include <sys/types.h>

int main(int, char** argv)
{
  // check that off_t can hold 2^63 - 1 and perform basic operations...
#define OFF_T_64 (((off_t)1 << 62) - 1 + ((off_t)1 << 62))
  if (OFF_T_64 % 2147483647 != 1)
    return 1;

  // stat breaks on SCO OpenServer
  struct stat buf;
  stat(argv[0], &buf);
  if (!S_ISREG(buf.st_mode))
    return 2;

  FILE* file = fopen(argv[0], "r");
  off_t offset = ftello(file);
  fseek(file, offset, SEEK_CUR);
  fclose(file);
  return 0;
}

Checking whether CXX compiler has environ in stdlib.h failed to compile with the following output:
Change Dir: /work/build-vtk-wasm-2/Utilities/KWSys/vtksys/CMakeFiles/CMakeTmp

Run Build Command(s):/usr/bin/ninja cmTC_aac61 && [1/2] Building CXX object CMakeFiles/cmTC_aac61.dir/kwsysPlatformTestsCXX.cxx.o
FAILED: CMakeFiles/cmTC_aac61.dir/kwsysPlatformTestsCXX.cxx.o 
/emsdk/upstream/emscripten/em++ -DTEST_KWSYS_CXX_HAS_ENVIRON_IN_STDLIB_H  -fPIE -std=c++11 -MD -MT CMakeFiles/cmTC_aac61.dir/kwsysPlatformTestsCXX.cxx.o -MF CMakeFiles/cmTC_aac61.dir/kwsysPlatformTestsCXX.cxx.o.d -o CMakeFiles/cmTC_aac61.dir/kwsysPlatformTestsCXX.cxx.o -c /work/vtk_new/Utilities/KWSys/vtksys/kwsysPlatformTestsCXX.cxx
/work/vtk_new/Utilities/KWSys/vtksys/kwsysPlatformTestsCXX.cxx:53:13: error: use of undeclared identifier 'environ'
  char* e = environ[0];
            ^
1 error generated.
em++: error: '/emsdk/upstream/bin/clang++ -target wasm32-unknown-emscripten -fignore-exceptions -fvisibility=default -mllvm -combiner-global-alias-analysis=false -mllvm -enable-emscripten-sjlj -mllvm -disable-lsr -DEMSCRIPTEN -I/emsdk/upstream/emscripten/cache/sysroot/include/SDL --sysroot=/emsdk/upstream/emscripten/cache/sysroot -Xclang -iwithsysroot/include/compat -DTEST_KWSYS_CXX_HAS_ENVIRON_IN_STDLIB_H -fPIE -std=c++11 -MD -MT CMakeFiles/cmTC_aac61.dir/kwsysPlatformTestsCXX.cxx.o -MF CMakeFiles/cmTC_aac61.dir/kwsysPlatformTestsCXX.cxx.o.d -c /work/vtk_new/Utilities/KWSys/vtksys/kwsysPlatformTestsCXX.cxx -o CMakeFiles/cmTC_aac61.dir/kwsysPlatformTestsCXX.cxx.o' failed (returned 1)
ninja: build stopped: subcommand failed.



Checking whether CXX compiler struct stat has st_mtimespec member failed to compile with the following output:
Change Dir: /work/build-vtk-wasm-2/Utilities/KWSys/vtksys/CMakeFiles/CMakeTmp

Run Build Command(s):/usr/bin/ninja cmTC_d7ed3 && [1/2] Building CXX object CMakeFiles/cmTC_d7ed3.dir/kwsysPlatformTestsCXX.cxx.o
FAILED: CMakeFiles/cmTC_d7ed3.dir/kwsysPlatformTestsCXX.cxx.o 
/emsdk/upstream/emscripten/em++ -DTEST_KWSYS_CXX_STAT_HAS_ST_MTIMESPEC  -fPIE -std=c++11 -MD -MT CMakeFiles/cmTC_d7ed3.dir/kwsysPlatformTestsCXX.cxx.o -MF CMakeFiles/cmTC_d7ed3.dir/kwsysPlatformTestsCXX.cxx.o.d -o CMakeFiles/cmTC_d7ed3.dir/kwsysPlatformTestsCXX.cxx.o -c /work/vtk_new/Utilities/KWSys/vtksys/kwsysPlatformTestsCXX.cxx
/work/vtk_new/Utilities/KWSys/vtksys/kwsysPlatformTestsCXX.cxx:26:15: error: no member named 'st_mtimespec' in 'stat'
  (void)stat1.st_mtimespec.tv_sec;
        ~~~~~ ^
/work/vtk_new/Utilities/KWSys/vtksys/kwsysPlatformTestsCXX.cxx:27:15: error: no member named 'st_mtimespec' in 'stat'
  (void)stat1.st_mtimespec.tv_nsec;
        ~~~~~ ^
2 errors generated.
em++: error: '/emsdk/upstream/bin/clang++ -target wasm32-unknown-emscripten -fignore-exceptions -fvisibility=default -mllvm -combiner-global-alias-analysis=false -mllvm -enable-emscripten-sjlj -mllvm -disable-lsr -DEMSCRIPTEN -I/emsdk/upstream/emscripten/cache/sysroot/include/SDL --sysroot=/emsdk/upstream/emscripten/cache/sysroot -Xclang -iwithsysroot/include/compat -DTEST_KWSYS_CXX_STAT_HAS_ST_MTIMESPEC -fPIE -std=c++11 -MD -MT CMakeFiles/cmTC_d7ed3.dir/kwsysPlatformTestsCXX.cxx.o -MF CMakeFiles/cmTC_d7ed3.dir/kwsysPlatformTestsCXX.cxx.o.d -c /work/vtk_new/Utilities/KWSys/vtksys/kwsysPlatformTestsCXX.cxx -o CMakeFiles/cmTC_d7ed3.dir/kwsysPlatformTestsCXX.cxx.o' failed (returned 1)
ninja: build stopped: subcommand failed.



Determining if the include file execinfo.h exists failed with the following output:
Change Dir: /work/build-vtk-wasm-2/CMakeFiles/CMakeTmp

Run Build Command(s):/usr/bin/ninja cmTC_10e00 && [1/2] Building CXX object CMakeFiles/cmTC_10e00.dir/CheckIncludeFile.cxx.o
FAILED: CMakeFiles/cmTC_10e00.dir/CheckIncludeFile.cxx.o 
/emsdk/upstream/emscripten/em++   -fPIE -std=c++11 -MD -MT CMakeFiles/cmTC_10e00.dir/CheckIncludeFile.cxx.o -MF CMakeFiles/cmTC_10e00.dir/CheckIncludeFile.cxx.o.d -o CMakeFiles/cmTC_10e00.dir/CheckIncludeFile.cxx.o -c /work/build-vtk-wasm-2/CMakeFiles/CMakeTmp/CheckIncludeFile.cxx
/work/build-vtk-wasm-2/CMakeFiles/CMakeTmp/CheckIncludeFile.cxx:1:10: fatal error: 'execinfo.h' file not found
#include <execinfo.h>
         ^~~~~~~~~~~~
1 error generated.
em++: error: '/emsdk/upstream/bin/clang++ -target wasm32-unknown-emscripten -fignore-exceptions -fvisibility=default -mllvm -combiner-global-alias-analysis=false -mllvm -enable-emscripten-sjlj -mllvm -disable-lsr -DEMSCRIPTEN -I/emsdk/upstream/emscripten/cache/sysroot/include/SDL --sysroot=/emsdk/upstream/emscripten/cache/sysroot -Xclang -iwithsysroot/include/compat -fPIE -std=c++11 -MD -MT CMakeFiles/cmTC_10e00.dir/CheckIncludeFile.cxx.o -MF CMakeFiles/cmTC_10e00.dir/CheckIncludeFile.cxx.o.d -c /work/build-vtk-wasm-2/CMakeFiles/CMakeTmp/CheckIncludeFile.cxx -o CMakeFiles/cmTC_10e00.dir/CheckIncludeFile.cxx.o' failed (returned 1)
ninja: build stopped: subcommand failed.



Checking whether <ext/stdio_filebuf.h> is available failed to compile with the following output:
Change Dir: /work/build-vtk-wasm-2/Utilities/KWSys/vtksys/CMakeFiles/CMakeTmp

Run Build Command(s):/usr/bin/ninja cmTC_071a7 && [1/2] Building CXX object CMakeFiles/cmTC_071a7.dir/kwsysPlatformTestsCXX.cxx.o
FAILED: CMakeFiles/cmTC_071a7.dir/kwsysPlatformTestsCXX.cxx.o 
/emsdk/upstream/emscripten/em++ -DTEST_KWSYS_CXX_HAS_EXT_STDIO_FILEBUF_H  -fPIE -std=c++11 -MD -MT CMakeFiles/cmTC_071a7.dir/kwsysPlatformTestsCXX.cxx.o -MF CMakeFiles/cmTC_071a7.dir/kwsysPlatformTestsCXX.cxx.o.d -o CMakeFiles/cmTC_071a7.dir/kwsysPlatformTestsCXX.cxx.o -c /work/vtk_new/Utilities/KWSys/vtksys/kwsysPlatformTestsCXX.cxx
/work/vtk_new/Utilities/KWSys/vtksys/kwsysPlatformTestsCXX.cxx:169:12: fatal error: 'ext/stdio_filebuf.h' file not found
#  include <ext/stdio_filebuf.h>
           ^~~~~~~~~~~~~~~~~~~~~
1 error generated.
em++: error: '/emsdk/upstream/bin/clang++ -target wasm32-unknown-emscripten -fignore-exceptions -fvisibility=default -mllvm -combiner-global-alias-analysis=false -mllvm -enable-emscripten-sjlj -mllvm -disable-lsr -DEMSCRIPTEN -I/emsdk/upstream/emscripten/cache/sysroot/include/SDL --sysroot=/emsdk/upstream/emscripten/cache/sysroot -Xclang -iwithsysroot/include/compat -DTEST_KWSYS_CXX_HAS_EXT_STDIO_FILEBUF_H -fPIE -std=c++11 -MD -MT CMakeFiles/cmTC_071a7.dir/kwsysPlatformTestsCXX.cxx.o -MF CMakeFiles/cmTC_071a7.dir/kwsysPlatformTestsCXX.cxx.o.d -c /work/vtk_new/Utilities/KWSys/vtksys/kwsysPlatformTestsCXX.cxx -o CMakeFiles/cmTC_071a7.dir/kwsysPlatformTestsCXX.cxx.o' failed (returned 1)
ninja: build stopped: subcommand failed.



Determining if the feenableexcept exist failed with the following output:
Change Dir: /work/build-vtk-wasm-2/CMakeFiles/CMakeTmp

Run Build Command(s):/usr/bin/ninja cmTC_191aa && [1/2] Building C object CMakeFiles/cmTC_191aa.dir/CheckSymbolExists.c.o
FAILED: CMakeFiles/cmTC_191aa.dir/CheckSymbolExists.c.o 
/emsdk/upstream/emscripten/emcc -D_GNU_SOURCE  -fPIE -MD -MT CMakeFiles/cmTC_191aa.dir/CheckSymbolExists.c.o -MF CMakeFiles/cmTC_191aa.dir/CheckSymbolExists.c.o.d -o CMakeFiles/cmTC_191aa.dir/CheckSymbolExists.c.o -c /work/build-vtk-wasm-2/CMakeFiles/CMakeTmp/CheckSymbolExists.c
/work/build-vtk-wasm-2/CMakeFiles/CMakeTmp/CheckSymbolExists.c:8:19: error: use of undeclared identifier 'feenableexcept'; did you mean 'feraiseexcept'?
  return ((int*)(&feenableexcept))[argc];
                  ^~~~~~~~~~~~~~
                  feraiseexcept
/emsdk/upstream/emscripten/cache/sysroot/include/fenv.h:12:5: note: 'feraiseexcept' declared here
int feraiseexcept(int);
    ^
1 error generated.
emcc: error: '/emsdk/upstream/bin/clang -target wasm32-unknown-emscripten -fignore-exceptions -fvisibility=default -mllvm -combiner-global-alias-analysis=false -mllvm -enable-emscripten-sjlj -mllvm -disable-lsr -DEMSCRIPTEN -Werror=implicit-function-declaration -I/emsdk/upstream/emscripten/cache/sysroot/include/SDL --sysroot=/emsdk/upstream/emscripten/cache/sysroot -Xclang -iwithsysroot/include/compat -D_GNU_SOURCE -fPIE -MD -MT CMakeFiles/cmTC_191aa.dir/CheckSymbolExists.c.o -MF CMakeFiles/cmTC_191aa.dir/CheckSymbolExists.c.o.d -c /work/build-vtk-wasm-2/CMakeFiles/CMakeTmp/CheckSymbolExists.c -o CMakeFiles/cmTC_191aa.dir/CheckSymbolExists.c.o' failed (returned 1)
ninja: build stopped: subcommand failed.


File /work/build-vtk-wasm-2/CMakeFiles/CMakeTmp/CheckSymbolExists.c:
/* */
#include <fenv.h>

int main(int argc, char** argv)
{
  (void)argv;
#ifndef feenableexcept
  return ((int*)(&feenableexcept))[argc];
#else
  (void)argc;
  return 0;
#endif
}
Determining if the strtod_l exist failed with the following output:
Change Dir: /work/build-vtk-wasm-2/CMakeFiles/CMakeTmp

Run Build Command(s):/usr/bin/ninja cmTC_226b5 && [1/2] Building C object CMakeFiles/cmTC_226b5.dir/CheckSymbolExists.c.o
FAILED: CMakeFiles/cmTC_226b5.dir/CheckSymbolExists.c.o 
/emsdk/upstream/emscripten/emcc   -fPIE -MD -MT CMakeFiles/cmTC_226b5.dir/CheckSymbolExists.c.o -MF CMakeFiles/cmTC_226b5.dir/CheckSymbolExists.c.o.d -o CMakeFiles/cmTC_226b5.dir/CheckSymbolExists.c.o -c /work/build-vtk-wasm-2/CMakeFiles/CMakeTmp/CheckSymbolExists.c
/work/build-vtk-wasm-2/CMakeFiles/CMakeTmp/CheckSymbolExists.c:7:19: error: use of undeclared identifier 'strtod_l'
  return ((int*)(&strtod_l))[argc];
                  ^
1 error generated.
emcc: error: '/emsdk/upstream/bin/clang -target wasm32-unknown-emscripten -fignore-exceptions -fvisibility=default -mllvm -combiner-global-alias-analysis=false -mllvm -enable-emscripten-sjlj -mllvm -disable-lsr -DEMSCRIPTEN -Werror=implicit-function-declaration -I/emsdk/upstream/emscripten/cache/sysroot/include/SDL --sysroot=/emsdk/upstream/emscripten/cache/sysroot -Xclang -iwithsysroot/include/compat -fPIE -MD -MT CMakeFiles/cmTC_226b5.dir/CheckSymbolExists.c.o -MF CMakeFiles/cmTC_226b5.dir/CheckSymbolExists.c.o.d -c /work/build-vtk-wasm-2/CMakeFiles/CMakeTmp/CheckSymbolExists.c -o CMakeFiles/cmTC_226b5.dir/CheckSymbolExists.c.o' failed (returned 1)
ninja: build stopped: subcommand failed.


File /work/build-vtk-wasm-2/CMakeFiles/CMakeTmp/CheckSymbolExists.c:
/* */

int main(int argc, char** argv)
{
  (void)argv;
#ifndef strtod_l
  return ((int*)(&strtod_l))[argc];
#else
  (void)argc;
  return 0;
#endif
}
Determining if the include file io.h exists failed with the following output:
Change Dir: /work/build-vtk-wasm-2/CMakeFiles/CMakeTmp

Run Build Command(s):/usr/bin/ninja cmTC_8eec1 && [1/2] Building C object CMakeFiles/cmTC_8eec1.dir/CheckIncludeFile.c.o
FAILED: CMakeFiles/cmTC_8eec1.dir/CheckIncludeFile.c.o 
/emsdk/upstream/emscripten/emcc   -Wall -Winline -Wformat-security -Wpointer-arith -Wdisabled-optimization -Wno-unknown-pragmas -fstrict-aliasing  -fPIE -std=gnu99 -MD -MT CMakeFiles/cmTC_8eec1.dir/CheckIncludeFile.c.o -MF CMakeFiles/cmTC_8eec1.dir/CheckIncludeFile.c.o.d -o CMakeFiles/cmTC_8eec1.dir/CheckIncludeFile.c.o -c /work/build-vtk-wasm-2/CMakeFiles/CMakeTmp/CheckIncludeFile.c
/work/build-vtk-wasm-2/CMakeFiles/CMakeTmp/CheckIncludeFile.c:1:10: fatal error: 'io.h' file not found
#include <io.h>
         ^~~~~~
1 error generated.
emcc: error: '/emsdk/upstream/bin/clang -target wasm32-unknown-emscripten -fignore-exceptions -fvisibility=default -mllvm -combiner-global-alias-analysis=false -mllvm -enable-emscripten-sjlj -mllvm -disable-lsr -DEMSCRIPTEN -Werror=implicit-function-declaration -I/emsdk/upstream/emscripten/cache/sysroot/include/SDL --sysroot=/emsdk/upstream/emscripten/cache/sysroot -Xclang -iwithsysroot/include/compat -Wall -Winline -Wformat-security -Wpointer-arith -Wdisabled-optimization -Wno-unknown-pragmas -fstrict-aliasing -fPIE -std=gnu99 -MD -MT CMakeFiles/cmTC_8eec1.dir/CheckIncludeFile.c.o -MF CMakeFiles/cmTC_8eec1.dir/CheckIncludeFile.c.o.d -c /work/build-vtk-wasm-2/CMakeFiles/CMakeTmp/CheckIncludeFile.c -o CMakeFiles/cmTC_8eec1.dir/CheckIncludeFile.c.o' failed (returned 1)
ninja: build stopped: subcommand failed.



Determining if the setmode exist failed with the following output:
Change Dir: /work/build-vtk-wasm-2/CMakeFiles/CMakeTmp

Run Build Command(s):/usr/bin/ninja cmTC_f6449 && [1/2] Building C object CMakeFiles/cmTC_f6449.dir/CheckSymbolExists.c.o
FAILED: CMakeFiles/cmTC_f6449.dir/CheckSymbolExists.c.o 
/emsdk/upstream/emscripten/emcc   -Wall -Winline -Wformat-security -Wpointer-arith -Wdisabled-optimization -Wno-unknown-pragmas -fstrict-aliasing  -fPIE -std=gnu99 -MD -MT CMakeFiles/cmTC_f6449.dir/CheckSymbolExists.c.o -MF CMakeFiles/cmTC_f6449.dir/CheckSymbolExists.c.o.d -o CMakeFiles/cmTC_f6449.dir/CheckSymbolExists.c.o -c /work/build-vtk-wasm-2/CMakeFiles/CMakeTmp/CheckSymbolExists.c
/work/build-vtk-wasm-2/CMakeFiles/CMakeTmp/CheckSymbolExists.c:8:19: error: use of undeclared identifier 'setmode'
  return ((int*)(&setmode))[argc];
                  ^
1 error generated.
emcc: error: '/emsdk/upstream/bin/clang -target wasm32-unknown-emscripten -fignore-exceptions -fvisibility=default -mllvm -combiner-global-alias-analysis=false -mllvm -enable-emscripten-sjlj -mllvm -disable-lsr -DEMSCRIPTEN -Werror=implicit-function-declaration -I/emsdk/upstream/emscripten/cache/sysroot/include/SDL --sysroot=/emsdk/upstream/emscripten/cache/sysroot -Xclang -iwithsysroot/include/compat -Wall -Winline -Wformat-security -Wpointer-arith -Wdisabled-optimization -Wno-unknown-pragmas -fstrict-aliasing -fPIE -std=gnu99 -MD -MT CMakeFiles/cmTC_f6449.dir/CheckSymbolExists.c.o -MF CMakeFiles/cmTC_f6449.dir/CheckSymbolExists.c.o.d -c /work/build-vtk-wasm-2/CMakeFiles/CMakeTmp/CheckSymbolExists.c -o CMakeFiles/cmTC_f6449.dir/CheckSymbolExists.c.o' failed (returned 1)
ninja: build stopped: subcommand failed.


File /work/build-vtk-wasm-2/CMakeFiles/CMakeTmp/CheckSymbolExists.c:
/* */
#include <unistd.h>

int main(int argc, char** argv)
{
  (void)argv;
#ifndef setmode
  return ((int*)(&setmode))[argc];
#else
  (void)argc;
  return 0;
#endif
}
Performing C++ SOURCE FILE Test COMPILER_SUPPORT_Wlogicalop failed with the following output:
Change Dir: /work/build-vtk-wasm-2/CMakeFiles/CMakeTmp

Run Build Command(s):/usr/bin/ninja cmTC_7e8dc && [1/2] Building CXX object CMakeFiles/cmTC_7e8dc.dir/src.cxx.o
FAILED: CMakeFiles/cmTC_7e8dc.dir/src.cxx.o 
/emsdk/upstream/emscripten/em++ -DCOMPILER_SUPPORT_Wlogicalop  -std=c++11 -pedantic -Wall -Wextra -Wundef -Wcast-align -Wchar-subscripts -Wnon-virtual-dtor -Wunused-local-typedefs -Wpointer-arith -Wwrite-strings -Wformat-security -Wshorten-64-to-32 -Werror -fPIE   -Wlogical-op -std=c++11 -MD -MT CMakeFiles/cmTC_7e8dc.dir/src.cxx.o -MF CMakeFiles/cmTC_7e8dc.dir/src.cxx.o.d -o CMakeFiles/cmTC_7e8dc.dir/src.cxx.o -c /work/build-vtk-wasm-2/CMakeFiles/CMakeTmp/src.cxx
error: unknown warning option '-Wlogical-op'; did you mean '-Wlong-long'? [-Werror,-Wunknown-warning-option]
em++: error: '/emsdk/upstream/bin/clang++ -target wasm32-unknown-emscripten -fignore-exceptions -fvisibility=default -mllvm -combiner-global-alias-analysis=false -mllvm -enable-emscripten-sjlj -mllvm -disable-lsr -DEMSCRIPTEN -I/emsdk/upstream/emscripten/cache/sysroot/include/SDL --sysroot=/emsdk/upstream/emscripten/cache/sysroot -Xclang -iwithsysroot/include/compat -DCOMPILER_SUPPORT_Wlogicalop -std=c++11 -pedantic -Wall -Wextra -Wundef -Wcast-align -Wchar-subscripts -Wnon-virtual-dtor -Wunused-local-typedefs -Wpointer-arith -Wwrite-strings -Wformat-security -Wshorten-64-to-32 -Werror -fPIE -Wlogical-op -std=c++11 -MD -MT CMakeFiles/cmTC_7e8dc.dir/src.cxx.o -MF CMakeFiles/cmTC_7e8dc.dir/src.cxx.o.d -c /work/build-vtk-wasm-2/CMakeFiles/CMakeTmp/src.cxx -o CMakeFiles/cmTC_7e8dc.dir/src.cxx.o' failed (returned 1)
ninja: build stopped: subcommand failed.


Source file was:
int main() { return 0; }
Performing C++ SOURCE FILE Test COMPILER_SUPPORT_wd981 failed with the following output:
Change Dir: /work/build-vtk-wasm-2/CMakeFiles/CMakeTmp

Run Build Command(s):/usr/bin/ninja cmTC_6e8fe && [1/2] Building CXX object CMakeFiles/cmTC_6e8fe.dir/src.cxx.o
FAILED: CMakeFiles/cmTC_6e8fe.dir/src.cxx.o 
/emsdk/upstream/emscripten/em++ -DCOMPILER_SUPPORT_wd981  -std=c++11 -pedantic -Wall -Wextra -Wundef -Wcast-align -Wchar-subscripts -Wnon-virtual-dtor -Wunused-local-typedefs -Wpointer-arith -Wwrite-strings -Wformat-security -Wshorten-64-to-32 -Wenum-conversion -Wc++11-extensions -Wdouble-promotion -Wshadow -Wno-psabi -Wno-variadic-macros -Wno-long-long -fno-check-new -fno-common -fstrict-aliasing -Werror -fPIE   -wd981 -std=c++11 -MD -MT CMakeFiles/cmTC_6e8fe.dir/src.cxx.o -MF CMakeFiles/cmTC_6e8fe.dir/src.cxx.o.d -o CMakeFiles/cmTC_6e8fe.dir/src.cxx.o -c /work/build-vtk-wasm-2/CMakeFiles/CMakeTmp/src.cxx
clang-16: error: unknown argument: '-wd981'
em++: error: '/emsdk/upstream/bin/clang++ -target wasm32-unknown-emscripten -fignore-exceptions -fvisibility=default -mllvm -combiner-global-alias-analysis=false -mllvm -enable-emscripten-sjlj -mllvm -disable-lsr -DEMSCRIPTEN -I/emsdk/upstream/emscripten/cache/sysroot/include/SDL --sysroot=/emsdk/upstream/emscripten/cache/sysroot -Xclang -iwithsysroot/include/compat -DCOMPILER_SUPPORT_wd981 -std=c++11 -pedantic -Wall -Wextra -Wundef -Wcast-align -Wchar-subscripts -Wnon-virtual-dtor -Wunused-local-typedefs -Wpointer-arith -Wwrite-strings -Wformat-security -Wshorten-64-to-32 -Wenum-conversion -Wc++11-extensions -Wdouble-promotion -Wshadow -Wno-psabi -Wno-variadic-macros -Wno-long-long -fno-check-new -fno-common -fstrict-aliasing -Werror -fPIE -wd981 -std=c++11 -MD -MT CMakeFiles/cmTC_6e8fe.dir/src.cxx.o -MF CMakeFiles/cmTC_6e8fe.dir/src.cxx.o.d -c /work/build-vtk-wasm-2/CMakeFiles/CMakeTmp/src.cxx -o CMakeFiles/cmTC_6e8fe.dir/src.cxx.o' failed (returned 1)
ninja: build stopped: subcommand failed.


Source file was:
int main() { return 0; }
Performing C++ SOURCE FILE Test COMPILER_SUPPORT_wd2304 failed with the following output:
Change Dir: /work/build-vtk-wasm-2/CMakeFiles/CMakeTmp

Run Build Command(s):/usr/bin/ninja cmTC_e2161 && [1/2] Building CXX object CMakeFiles/cmTC_e2161.dir/src.cxx.o
FAILED: CMakeFiles/cmTC_e2161.dir/src.cxx.o 
/emsdk/upstream/emscripten/em++ -DCOMPILER_SUPPORT_wd2304  -std=c++11 -pedantic -Wall -Wextra -Wundef -Wcast-align -Wchar-subscripts -Wnon-virtual-dtor -Wunused-local-typedefs -Wpointer-arith -Wwrite-strings -Wformat-security -Wshorten-64-to-32 -Wenum-conversion -Wc++11-extensions -Wdouble-promotion -Wshadow -Wno-psabi -Wno-variadic-macros -Wno-long-long -fno-check-new -fno-common -fstrict-aliasing -Werror -fPIE   -wd2304 -std=c++11 -MD -MT CMakeFiles/cmTC_e2161.dir/src.cxx.o -MF CMakeFiles/cmTC_e2161.dir/src.cxx.o.d -o CMakeFiles/cmTC_e2161.dir/src.cxx.o -c /work/build-vtk-wasm-2/CMakeFiles/CMakeTmp/src.cxx
clang-16: error: unknown argument: '-wd2304'
em++: error: '/emsdk/upstream/bin/clang++ -target wasm32-unknown-emscripten -fignore-exceptions -fvisibility=default -mllvm -combiner-global-alias-analysis=false -mllvm -enable-emscripten-sjlj -mllvm -disable-lsr -DEMSCRIPTEN -I/emsdk/upstream/emscripten/cache/sysroot/include/SDL --sysroot=/emsdk/upstream/emscripten/cache/sysroot -Xclang -iwithsysroot/include/compat -DCOMPILER_SUPPORT_wd2304 -std=c++11 -pedantic -Wall -Wextra -Wundef -Wcast-align -Wchar-subscripts -Wnon-virtual-dtor -Wunused-local-typedefs -Wpointer-arith -Wwrite-strings -Wformat-security -Wshorten-64-to-32 -Wenum-conversion -Wc++11-extensions -Wdouble-promotion -Wshadow -Wno-psabi -Wno-variadic-macros -Wno-long-long -fno-check-new -fno-common -fstrict-aliasing -Werror -fPIE -wd2304 -std=c++11 -MD -MT CMakeFiles/cmTC_e2161.dir/src.cxx.o -MF CMakeFiles/cmTC_e2161.dir/src.cxx.o.d -c /work/build-vtk-wasm-2/CMakeFiles/CMakeTmp/src.cxx -o CMakeFiles/cmTC_e2161.dir/src.cxx.o' failed (returned 1)
ninja: build stopped: subcommand failed.


Source file was:
int main() { return 0; }
Performing C++ SOURCE FILE Test COMPILER_SUPPORT_STRICTANSI failed with the following output:
Change Dir: /work/build-vtk-wasm-2/CMakeFiles/CMakeTmp

Run Build Command(s):/usr/bin/ninja cmTC_e6433 && [1/2] Building CXX object CMakeFiles/cmTC_e6433.dir/src.cxx.o
FAILED: CMakeFiles/cmTC_e6433.dir/src.cxx.o 
/emsdk/upstream/emscripten/em++ -DCOMPILER_SUPPORT_STRICTANSI  -std=c++11 -pedantic -Wall -Wextra -Wundef -Wcast-align -Wchar-subscripts -Wnon-virtual-dtor -Wunused-local-typedefs -Wpointer-arith -Wwrite-strings -Wformat-security -Wshorten-64-to-32 -Wenum-conversion -Wc++11-extensions -Wdouble-promotion -Wshadow -Wno-psabi -Wno-variadic-macros -Wno-long-long -fno-check-new -fno-common -fstrict-aliasing -Werror -fPIE   -strict-ansi -std=c++11 -MD -MT CMakeFiles/cmTC_e6433.dir/src.cxx.o -MF CMakeFiles/cmTC_e6433.dir/src.cxx.o.d -o CMakeFiles/cmTC_e6433.dir/src.cxx.o -c /work/build-vtk-wasm-2/CMakeFiles/CMakeTmp/src.cxx
clang-16: error: unknown argument: '-strict-ansi'
em++: error: '/emsdk/upstream/bin/clang++ -target wasm32-unknown-emscripten -fignore-exceptions -fvisibility=default -mllvm -combiner-global-alias-analysis=false -mllvm -enable-emscripten-sjlj -mllvm -disable-lsr -DEMSCRIPTEN -I/emsdk/upstream/emscripten/cache/sysroot/include/SDL --sysroot=/emsdk/upstream/emscripten/cache/sysroot -Xclang -iwithsysroot/include/compat -DCOMPILER_SUPPORT_STRICTANSI -std=c++11 -pedantic -Wall -Wextra -Wundef -Wcast-align -Wchar-subscripts -Wnon-virtual-dtor -Wunused-local-typedefs -Wpointer-arith -Wwrite-strings -Wformat-security -Wshorten-64-to-32 -Wenum-conversion -Wc++11-extensions -Wdouble-promotion -Wshadow -Wno-psabi -Wno-variadic-macros -Wno-long-long -fno-check-new -fno-common -fstrict-aliasing -Werror -fPIE -strict-ansi -std=c++11 -MD -MT CMakeFiles/cmTC_e6433.dir/src.cxx.o -MF CMakeFiles/cmTC_e6433.dir/src.cxx.o.d -c /work/build-vtk-wasm-2/CMakeFiles/CMakeTmp/src.cxx -o CMakeFiles/cmTC_e6433.dir/src.cxx.o' failed (returned 1)
ninja: build stopped: subcommand failed.


Source file was:
int main() { return 0; }
Determining if the include file sys/endian.h exists failed with the following output:
Change Dir: /work/build-vtk-wasm-2/CMakeFiles/CMakeTmp

Run Build Command(s):/usr/bin/ninja cmTC_06094 && [1/2] Building C object CMakeFiles/cmTC_06094.dir/CheckIncludeFile.c.o
FAILED: CMakeFiles/cmTC_06094.dir/CheckIncludeFile.c.o 
/emsdk/upstream/emscripten/emcc   -fPIE -MD -MT CMakeFiles/cmTC_06094.dir/CheckIncludeFile.c.o -MF CMakeFiles/cmTC_06094.dir/CheckIncludeFile.c.o.d -o CMakeFiles/cmTC_06094.dir/CheckIncludeFile.c.o -c /work/build-vtk-wasm-2/CMakeFiles/CMakeTmp/CheckIncludeFile.c
/work/build-vtk-wasm-2/CMakeFiles/CMakeTmp/CheckIncludeFile.c:1:10: fatal error: 'sys/endian.h' file not found
#include <sys/endian.h>
         ^~~~~~~~~~~~~~
1 error generated.
emcc: error: '/emsdk/upstream/bin/clang -target wasm32-unknown-emscripten -fignore-exceptions -fvisibility=default -mllvm -combiner-global-alias-analysis=false -mllvm -enable-emscripten-sjlj -mllvm -disable-lsr -DEMSCRIPTEN -Werror=implicit-function-declaration -I/emsdk/upstream/emscripten/cache/sysroot/include/SDL --sysroot=/emsdk/upstream/emscripten/cache/sysroot -Xclang -iwithsysroot/include/compat -fPIE -MD -MT CMakeFiles/cmTC_06094.dir/CheckIncludeFile.c.o -MF CMakeFiles/cmTC_06094.dir/CheckIncludeFile.c.o.d -c /work/build-vtk-wasm-2/CMakeFiles/CMakeTmp/CheckIncludeFile.c -o CMakeFiles/cmTC_06094.dir/CheckIncludeFile.c.o' failed (returned 1)
ninja: build stopped: subcommand failed.



Determining if the HAVE_BSWAP_16 exist failed with the following output:
Change Dir: /work/build-vtk-wasm-2/CMakeFiles/CMakeTmp

Run Build Command(s):/usr/bin/ninja cmTC_f34ca && [1/2] Building C object CMakeFiles/cmTC_f34ca.dir/CheckSymbolExists.c.o
FAILED: CMakeFiles/cmTC_f34ca.dir/CheckSymbolExists.c.o 
/emsdk/upstream/emscripten/emcc   -fPIE -MD -MT CMakeFiles/cmTC_f34ca.dir/CheckSymbolExists.c.o -MF CMakeFiles/cmTC_f34ca.dir/CheckSymbolExists.c.o.d -o CMakeFiles/cmTC_f34ca.dir/CheckSymbolExists.c.o -c /work/build-vtk-wasm-2/CMakeFiles/CMakeTmp/CheckSymbolExists.c
/work/build-vtk-wasm-2/CMakeFiles/CMakeTmp/CheckSymbolExists.c:8:19: error: use of undeclared identifier 'HAVE_BSWAP_16'
  return ((int*)(&HAVE_BSWAP_16))[argc];
                  ^
1 error generated.
emcc: error: '/emsdk/upstream/bin/clang -target wasm32-unknown-emscripten -fignore-exceptions -fvisibility=default -mllvm -combiner-global-alias-analysis=false -mllvm -enable-emscripten-sjlj -mllvm -disable-lsr -DEMSCRIPTEN -Werror=implicit-function-declaration -I/emsdk/upstream/emscripten/cache/sysroot/include/SDL --sysroot=/emsdk/upstream/emscripten/cache/sysroot -Xclang -iwithsysroot/include/compat -fPIE -MD -MT CMakeFiles/cmTC_f34ca.dir/CheckSymbolExists.c.o -MF CMakeFiles/cmTC_f34ca.dir/CheckSymbolExists.c.o.d -c /work/build-vtk-wasm-2/CMakeFiles/CMakeTmp/CheckSymbolExists.c -o CMakeFiles/cmTC_f34ca.dir/CheckSymbolExists.c.o' failed (returned 1)
ninja: build stopped: subcommand failed.


File /work/build-vtk-wasm-2/CMakeFiles/CMakeTmp/CheckSymbolExists.c:
/* */
#include <byteswap.h>

int main(int argc, char** argv)
{
  (void)argv;
#ifndef HAVE_BSWAP_16
  return ((int*)(&HAVE_BSWAP_16))[argc];
#else
  (void)argc;
  return 0;
#endif
}
Determining if the HAVE_BSWAP_32 exist failed with the following output:
Change Dir: /work/build-vtk-wasm-2/CMakeFiles/CMakeTmp

Run Build Command(s):/usr/bin/ninja cmTC_f917c && [1/2] Building C object CMakeFiles/cmTC_f917c.dir/CheckSymbolExists.c.o
FAILED: CMakeFiles/cmTC_f917c.dir/CheckSymbolExists.c.o 
/emsdk/upstream/emscripten/emcc   -fPIE -MD -MT CMakeFiles/cmTC_f917c.dir/CheckSymbolExists.c.o -MF CMakeFiles/cmTC_f917c.dir/CheckSymbolExists.c.o.d -o CMakeFiles/cmTC_f917c.dir/CheckSymbolExists.c.o -c /work/build-vtk-wasm-2/CMakeFiles/CMakeTmp/CheckSymbolExists.c
/work/build-vtk-wasm-2/CMakeFiles/CMakeTmp/CheckSymbolExists.c:8:19: error: use of undeclared identifier 'HAVE_BSWAP_32'
  return ((int*)(&HAVE_BSWAP_32))[argc];
                  ^
1 error generated.
emcc: error: '/emsdk/upstream/bin/clang -target wasm32-unknown-emscripten -fignore-exceptions -fvisibility=default -mllvm -combiner-global-alias-analysis=false -mllvm -enable-emscripten-sjlj -mllvm -disable-lsr -DEMSCRIPTEN -Werror=implicit-function-declaration -I/emsdk/upstream/emscripten/cache/sysroot/include/SDL --sysroot=/emsdk/upstream/emscripten/cache/sysroot -Xclang -iwithsysroot/include/compat -fPIE -MD -MT CMakeFiles/cmTC_f917c.dir/CheckSymbolExists.c.o -MF CMakeFiles/cmTC_f917c.dir/CheckSymbolExists.c.o.d -c /work/build-vtk-wasm-2/CMakeFiles/CMakeTmp/CheckSymbolExists.c -o CMakeFiles/cmTC_f917c.dir/CheckSymbolExists.c.o' failed (returned 1)
ninja: build stopped: subcommand failed.


File /work/build-vtk-wasm-2/CMakeFiles/CMakeTmp/CheckSymbolExists.c:
/* */
#include <byteswap.h>

int main(int argc, char** argv)
{
  (void)argv;
#ifndef HAVE_BSWAP_32
  return ((int*)(&HAVE_BSWAP_32))[argc];
#else
  (void)argc;
  return 0;
#endif
}
Determining if the HAVE_BSWAP_64 exist failed with the following output:
Change Dir: /work/build-vtk-wasm-2/CMakeFiles/CMakeTmp

Run Build Command(s):/usr/bin/ninja cmTC_539f9 && [1/2] Building C object CMakeFiles/cmTC_539f9.dir/CheckSymbolExists.c.o
FAILED: CMakeFiles/cmTC_539f9.dir/CheckSymbolExists.c.o 
/emsdk/upstream/emscripten/emcc   -fPIE -MD -MT CMakeFiles/cmTC_539f9.dir/CheckSymbolExists.c.o -MF CMakeFiles/cmTC_539f9.dir/CheckSymbolExists.c.o.d -o CMakeFiles/cmTC_539f9.dir/CheckSymbolExists.c.o -c /work/build-vtk-wasm-2/CMakeFiles/CMakeTmp/CheckSymbolExists.c
/work/build-vtk-wasm-2/CMakeFiles/CMakeTmp/CheckSymbolExists.c:8:19: error: use of undeclared identifier 'HAVE_BSWAP_64'
  return ((int*)(&HAVE_BSWAP_64))[argc];
                  ^
1 error generated.
emcc: error: '/emsdk/upstream/bin/clang -target wasm32-unknown-emscripten -fignore-exceptions -fvisibility=default -mllvm -combiner-global-alias-analysis=false -mllvm -enable-emscripten-sjlj -mllvm -disable-lsr -DEMSCRIPTEN -Werror=implicit-function-declaration -I/emsdk/upstream/emscripten/cache/sysroot/include/SDL --sysroot=/emsdk/upstream/emscripten/cache/sysroot -Xclang -iwithsysroot/include/compat -fPIE -MD -MT CMakeFiles/cmTC_539f9.dir/CheckSymbolExists.c.o -MF CMakeFiles/cmTC_539f9.dir/CheckSymbolExists.c.o.d -c /work/build-vtk-wasm-2/CMakeFiles/CMakeTmp/CheckSymbolExists.c -o CMakeFiles/cmTC_539f9.dir/CheckSymbolExists.c.o' failed (returned 1)
ninja: build stopped: subcommand failed.


File /work/build-vtk-wasm-2/CMakeFiles/CMakeTmp/CheckSymbolExists.c:
/* */
#include <byteswap.h>

int main(int argc, char** argv)
{
  (void)argv;
#ifndef HAVE_BSWAP_64
  return ((int*)(&HAVE_BSWAP_64))[argc];
#else
  (void)argc;
  return 0;
#endif
}
Determining size of __int64 failed with the following output:
Change Dir: /work/build-vtk-wasm-2/CMakeFiles/CMakeTmp

Run Build Command(s):/usr/bin/ninja cmTC_32934 && [1/2] Building C object CMakeFiles/cmTC_32934.dir/__INT64.c.o
FAILED: CMakeFiles/cmTC_32934.dir/__INT64.c.o 
/emsdk/upstream/emscripten/emcc   -fPIE -MD -MT CMakeFiles/cmTC_32934.dir/__INT64.c.o -MF CMakeFiles/cmTC_32934.dir/__INT64.c.o.d -o CMakeFiles/cmTC_32934.dir/__INT64.c.o -c /work/build-vtk-wasm-2/CMakeFiles/CheckTypeSize/__INT64.c
/work/build-vtk-wasm-2/CMakeFiles/CheckTypeSize/__INT64.c:25:12: error: use of undeclared identifier '__int64'
  ('0' + ((SIZE / 10000)%10)),
           ^
/work/build-vtk-wasm-2/CMakeFiles/CheckTypeSize/__INT64.c:23:22: note: expanded from macro 'SIZE'
#define SIZE (sizeof(__int64))
                     ^
/work/build-vtk-wasm-2/CMakeFiles/CheckTypeSize/__INT64.c:26:12: error: use of undeclared identifier '__int64'
  ('0' + ((SIZE / 1000)%10)),
           ^
/work/build-vtk-wasm-2/CMakeFiles/CheckTypeSize/__INT64.c:23:22: note: expanded from macro 'SIZE'
#define SIZE (sizeof(__int64))
                     ^
/work/build-vtk-wasm-2/CMakeFiles/CheckTypeSize/__INT64.c:27:12: error: use of undeclared identifier '__int64'
  ('0' + ((SIZE / 100)%10)),
           ^
/work/build-vtk-wasm-2/CMakeFiles/CheckTypeSize/__INT64.c:23:22: note: expanded from macro 'SIZE'
#define SIZE (sizeof(__int64))
                     ^
/work/build-vtk-wasm-2/CMakeFiles/CheckTypeSize/__INT64.c:28:12: error: use of undeclared identifier '__int64'
  ('0' + ((SIZE / 10)%10)),
           ^
/work/build-vtk-wasm-2/CMakeFiles/CheckTypeSize/__INT64.c:23:22: note: expanded from macro 'SIZE'
#define SIZE (sizeof(__int64))
                     ^
/work/build-vtk-wasm-2/CMakeFiles/CheckTypeSize/__INT64.c:29:12: error: use of undeclared identifier '__int64'
  ('0' +  (SIZE    % 10)),
           ^
/work/build-vtk-wasm-2/CMakeFiles/CheckTypeSize/__INT64.c:23:22: note: expanded from macro 'SIZE'
#define SIZE (sizeof(__int64))
                     ^
5 errors generated.
emcc: error: '/emsdk/upstream/bin/clang -target wasm32-unknown-emscripten -fignore-exceptions -fvisibility=default -mllvm -combiner-global-alias-analysis=false -mllvm -enable-emscripten-sjlj -mllvm -disable-lsr -DEMSCRIPTEN -Werror=implicit-function-declaration -I/emsdk/upstream/emscripten/cache/sysroot/include/SDL --sysroot=/emsdk/upstream/emscripten/cache/sysroot -Xclang -iwithsysroot/include/compat -fPIE -MD -MT CMakeFiles/cmTC_32934.dir/__INT64.c.o -MF CMakeFiles/cmTC_32934.dir/__INT64.c.o.d -c /work/build-vtk-wasm-2/CMakeFiles/CheckTypeSize/__INT64.c -o CMakeFiles/cmTC_32934.dir/__INT64.c.o' failed (returned 1)
ninja: build stopped: subcommand failed.


/work/build-vtk-wasm-2/CMakeFiles/CheckTypeSize/__INT64.c:
#include <sys/types.h>
#include <stdint.h>
#include <stddef.h>


#undef KEY
#if defined(__i386)
# define KEY '_','_','i','3','8','6'
#elif defined(__x86_64)
# define KEY '_','_','x','8','6','_','6','4'
#elif defined(__ppc__)
# define KEY '_','_','p','p','c','_','_'
#elif defined(__ppc64__)
# define KEY '_','_','p','p','c','6','4','_','_'
#elif defined(__aarch64__)
# define KEY '_','_','a','a','r','c','h','6','4','_','_'
#elif defined(__ARM_ARCH_7A__)
# define KEY '_','_','A','R','M','_','A','R','C','H','_','7','A','_','_'
#elif defined(__ARM_ARCH_7S__)
# define KEY '_','_','A','R','M','_','A','R','C','H','_','7','S','_','_'
#endif

#define SIZE (sizeof(__int64))
char info_size[] =  {'I', 'N', 'F', 'O', ':', 's','i','z','e','[',
  ('0' + ((SIZE / 10000)%10)),
  ('0' + ((SIZE / 1000)%10)),
  ('0' + ((SIZE / 100)%10)),
  ('0' + ((SIZE / 10)%10)),
  ('0' +  (SIZE    % 10)),
  ']',
#ifdef KEY
  ' ','k','e','y','[', KEY, ']',
#endif
  '\0'};

#ifdef __CLASSIC_C__
int main(argc, argv) int argc; char *argv[];
#else
int main(int argc, char *argv[])
#endif
{
  int require = 0;
  require += info_size[argc];
  (void)argv;
  return require;
}


Determining size of unsigned __int64 failed with the following output:
Change Dir: /work/build-vtk-wasm-2/CMakeFiles/CMakeTmp

Run Build Command(s):/usr/bin/ninja cmTC_8fa8c && [1/2] Building C object CMakeFiles/cmTC_8fa8c.dir/UNSIGNED___INT64.c.o
FAILED: CMakeFiles/cmTC_8fa8c.dir/UNSIGNED___INT64.c.o 
/emsdk/upstream/emscripten/emcc   -fPIE -MD -MT CMakeFiles/cmTC_8fa8c.dir/UNSIGNED___INT64.c.o -MF CMakeFiles/cmTC_8fa8c.dir/UNSIGNED___INT64.c.o.d -o CMakeFiles/cmTC_8fa8c.dir/UNSIGNED___INT64.c.o -c /work/build-vtk-wasm-2/CMakeFiles/CheckTypeSize/UNSIGNED___INT64.c
/work/build-vtk-wasm-2/CMakeFiles/CheckTypeSize/UNSIGNED___INT64.c:25:12: error: expected ')'
  ('0' + ((SIZE / 10000)%10)),
           ^
/work/build-vtk-wasm-2/CMakeFiles/CheckTypeSize/UNSIGNED___INT64.c:23:31: note: expanded from macro 'SIZE'
#define SIZE (sizeof(unsigned __int64))
                              ^
/work/build-vtk-wasm-2/CMakeFiles/CheckTypeSize/UNSIGNED___INT64.c:25:12: note: to match this '('
/work/build-vtk-wasm-2/CMakeFiles/CheckTypeSize/UNSIGNED___INT64.c:23:21: note: expanded from macro 'SIZE'
#define SIZE (sizeof(unsigned __int64))
                    ^
/work/build-vtk-wasm-2/CMakeFiles/CheckTypeSize/UNSIGNED___INT64.c:26:12: error: expected ')'
  ('0' + ((SIZE / 1000)%10)),
           ^
/work/build-vtk-wasm-2/CMakeFiles/CheckTypeSize/UNSIGNED___INT64.c:23:31: note: expanded from macro 'SIZE'
#define SIZE (sizeof(unsigned __int64))
                              ^
/work/build-vtk-wasm-2/CMakeFiles/CheckTypeSize/UNSIGNED___INT64.c:26:12: note: to match this '('
/work/build-vtk-wasm-2/CMakeFiles/CheckTypeSize/UNSIGNED___INT64.c:23:21: note: expanded from macro 'SIZE'
#define SIZE (sizeof(unsigned __int64))
                    ^
/work/build-vtk-wasm-2/CMakeFiles/CheckTypeSize/UNSIGNED___INT64.c:27:12: error: expected ')'
  ('0' + ((SIZE / 100)%10)),
           ^
/work/build-vtk-wasm-2/CMakeFiles/CheckTypeSize/UNSIGNED___INT64.c:23:31: note: expanded from macro 'SIZE'
#define SIZE (sizeof(unsigned __int64))
                              ^
/work/build-vtk-wasm-2/CMakeFiles/CheckTypeSize/UNSIGNED___INT64.c:27:12: note: to match this '('
/work/build-vtk-wasm-2/CMakeFiles/CheckTypeSize/UNSIGNED___INT64.c:23:21: note: expanded from macro 'SIZE'
#define SIZE (sizeof(unsigned __int64))
                    ^
/work/build-vtk-wasm-2/CMakeFiles/CheckTypeSize/UNSIGNED___INT64.c:28:12: error: expected ')'
  ('0' + ((SIZE / 10)%10)),
           ^
/work/build-vtk-wasm-2/CMakeFiles/CheckTypeSize/UNSIGNED___INT64.c:23:31: note: expanded from macro 'SIZE'
#define SIZE (sizeof(unsigned __int64))
                              ^
/work/build-vtk-wasm-2/CMakeFiles/CheckTypeSize/UNSIGNED___INT64.c:28:12: note: to match this '('
/work/build-vtk-wasm-2/CMakeFiles/CheckTypeSize/UNSIGNED___INT64.c:23:21: note: expanded from macro 'SIZE'
#define SIZE (sizeof(unsigned __int64))
                    ^
/work/build-vtk-wasm-2/CMakeFiles/CheckTypeSize/UNSIGNED___INT64.c:29:12: error: expected ')'
  ('0' +  (SIZE    % 10)),
           ^
/work/build-vtk-wasm-2/CMakeFiles/CheckTypeSize/UNSIGNED___INT64.c:23:31: note: expanded from macro 'SIZE'
#define SIZE (sizeof(unsigned __int64))
                              ^
/work/build-vtk-wasm-2/CMakeFiles/CheckTypeSize/UNSIGNED___INT64.c:29:12: note: to match this '('
/work/build-vtk-wasm-2/CMakeFiles/CheckTypeSize/UNSIGNED___INT64.c:23:21: note: expanded from macro 'SIZE'
#define SIZE (sizeof(unsigned __int64))
                    ^
5 errors generated.
emcc: error: '/emsdk/upstream/bin/clang -target wasm32-unknown-emscripten -fignore-exceptions -fvisibility=default -mllvm -combiner-global-alias-analysis=false -mllvm -enable-emscripten-sjlj -mllvm -disable-lsr -DEMSCRIPTEN -Werror=implicit-function-declaration -I/emsdk/upstream/emscripten/cache/sysroot/include/SDL --sysroot=/emsdk/upstream/emscripten/cache/sysroot -Xclang -iwithsysroot/include/compat -fPIE -MD -MT CMakeFiles/cmTC_8fa8c.dir/UNSIGNED___INT64.c.o -MF CMakeFiles/cmTC_8fa8c.dir/UNSIGNED___INT64.c.o.d -c /work/build-vtk-wasm-2/CMakeFiles/CheckTypeSize/UNSIGNED___INT64.c -o CMakeFiles/cmTC_8fa8c.dir/UNSIGNED___INT64.c.o' failed (returned 1)
ninja: build stopped: subcommand failed.


/work/build-vtk-wasm-2/CMakeFiles/CheckTypeSize/UNSIGNED___INT64.c:
#include <sys/types.h>
#include <stdint.h>
#include <stddef.h>


#undef KEY
#if defined(__i386)
# define KEY '_','_','i','3','8','6'
#elif defined(__x86_64)
# define KEY '_','_','x','8','6','_','6','4'
#elif defined(__ppc__)
# define KEY '_','_','p','p','c','_','_'
#elif defined(__ppc64__)
# define KEY '_','_','p','p','c','6','4','_','_'
#elif defined(__aarch64__)
# define KEY '_','_','a','a','r','c','h','6','4','_','_'
#elif defined(__ARM_ARCH_7A__)
# define KEY '_','_','A','R','M','_','A','R','C','H','_','7','A','_','_'
#elif defined(__ARM_ARCH_7S__)
# define KEY '_','_','A','R','M','_','A','R','C','H','_','7','S','_','_'
#endif

#define SIZE (sizeof(unsigned __int64))
char info_size[] =  {'I', 'N', 'F', 'O', ':', 's','i','z','e','[',
  ('0' + ((SIZE / 10000)%10)),
  ('0' + ((SIZE / 1000)%10)),
  ('0' + ((SIZE / 100)%10)),
  ('0' + ((SIZE / 10)%10)),
  ('0' +  (SIZE    % 10)),
  ']',
#ifdef KEY
  ' ','k','e','y','[', KEY, ']',
#endif
  '\0'};

#ifdef __CLASSIC_C__
int main(argc, argv) int argc; char *argv[];
#else
int main(int argc, char *argv[])
#endif
{
  int require = 0;
  require += info_size[argc];
  (void)argv;
  return require;
}


Determining if the getrandom exist failed with the following output:
Change Dir: /work/build-vtk-wasm-2/CMakeFiles/CMakeTmp

Run Build Command(s):/usr/bin/ninja cmTC_30f4c && [1/2] Building C object CMakeFiles/cmTC_30f4c.dir/CheckSymbolExists.c.o
FAILED: CMakeFiles/cmTC_30f4c.dir/CheckSymbolExists.c.o 
/emsdk/upstream/emscripten/emcc   -fPIE -MD -MT CMakeFiles/cmTC_30f4c.dir/CheckSymbolExists.c.o -MF CMakeFiles/cmTC_30f4c.dir/CheckSymbolExists.c.o.d -o CMakeFiles/cmTC_30f4c.dir/CheckSymbolExists.c.o -c /work/build-vtk-wasm-2/CMakeFiles/CMakeTmp/CheckSymbolExists.c
In file included from /work/build-vtk-wasm-2/CMakeFiles/CMakeTmp/CheckSymbolExists.c:2:
/emsdk/upstream/emscripten/cache/sysroot/include/compat/sys/random.h:10:30: error: unknown type name 'size_t'
int getentropy(void *buffer, size_t length);
                             ^
1 error generated.
emcc: error: '/emsdk/upstream/bin/clang -target wasm32-unknown-emscripten -fignore-exceptions -fvisibility=default -mllvm -combiner-global-alias-analysis=false -mllvm -enable-emscripten-sjlj -mllvm -disable-lsr -DEMSCRIPTEN -Werror=implicit-function-declaration -I/emsdk/upstream/emscripten/cache/sysroot/include/SDL --sysroot=/emsdk/upstream/emscripten/cache/sysroot -Xclang -iwithsysroot/include/compat -fPIE -MD -MT CMakeFiles/cmTC_30f4c.dir/CheckSymbolExists.c.o -MF CMakeFiles/cmTC_30f4c.dir/CheckSymbolExists.c.o.d -c /work/build-vtk-wasm-2/CMakeFiles/CMakeTmp/CheckSymbolExists.c -o CMakeFiles/cmTC_30f4c.dir/CheckSymbolExists.c.o' failed (returned 1)
ninja: build stopped: subcommand failed.


File /work/build-vtk-wasm-2/CMakeFiles/CMakeTmp/CheckSymbolExists.c:
/* */
#include <sys/random.h>

int main(int argc, char** argv)
{
  (void)argv;
#ifndef getrandom
  return ((int*)(&getrandom))[argc];
#else
  (void)argc;
  return 0;
#endif
}
Determining if the arc4random_buf exist failed with the following output:
Change Dir: /work/build-vtk-wasm-2/CMakeFiles/CMakeTmp

Run Build Command(s):/usr/bin/ninja cmTC_e3681 && [1/2] Building C object CMakeFiles/cmTC_e3681.dir/CheckSymbolExists.c.o
FAILED: CMakeFiles/cmTC_e3681.dir/CheckSymbolExists.c.o 
/emsdk/upstream/emscripten/emcc   -fPIE -MD -MT CMakeFiles/cmTC_e3681.dir/CheckSymbolExists.c.o -MF CMakeFiles/cmTC_e3681.dir/CheckSymbolExists.c.o.d -o CMakeFiles/cmTC_e3681.dir/CheckSymbolExists.c.o -c /work/build-vtk-wasm-2/CMakeFiles/CMakeTmp/CheckSymbolExists.c
/work/build-vtk-wasm-2/CMakeFiles/CMakeTmp/CheckSymbolExists.c:8:19: error: use of undeclared identifier 'arc4random_buf'
  return ((int*)(&arc4random_buf))[argc];
                  ^
1 error generated.
emcc: error: '/emsdk/upstream/bin/clang -target wasm32-unknown-emscripten -fignore-exceptions -fvisibility=default -mllvm -combiner-global-alias-analysis=false -mllvm -enable-emscripten-sjlj -mllvm -disable-lsr -DEMSCRIPTEN -Werror=implicit-function-declaration -I/emsdk/upstream/emscripten/cache/sysroot/include/SDL --sysroot=/emsdk/upstream/emscripten/cache/sysroot -Xclang -iwithsysroot/include/compat -fPIE -MD -MT CMakeFiles/cmTC_e3681.dir/CheckSymbolExists.c.o -MF CMakeFiles/cmTC_e3681.dir/CheckSymbolExists.c.o.d -c /work/build-vtk-wasm-2/CMakeFiles/CMakeTmp/CheckSymbolExists.c -o CMakeFiles/cmTC_e3681.dir/CheckSymbolExists.c.o' failed (returned 1)
ninja: build stopped: subcommand failed.


File /work/build-vtk-wasm-2/CMakeFiles/CMakeTmp/CheckSymbolExists.c:
/* */
#include <stdlib.h>

int main(int argc, char** argv)
{
  (void)argv;
#ifndef arc4random_buf
  return ((int*)(&arc4random_buf))[argc];
#else
  (void)argc;
  return 0;
#endif
}
Determining if the arc4random exist failed with the following output:
Change Dir: /work/build-vtk-wasm-2/CMakeFiles/CMakeTmp

Run Build Command(s):/usr/bin/ninja cmTC_84feb && [1/2] Building C object CMakeFiles/cmTC_84feb.dir/CheckSymbolExists.c.o
FAILED: CMakeFiles/cmTC_84feb.dir/CheckSymbolExists.c.o 
/emsdk/upstream/emscripten/emcc   -fPIE -MD -MT CMakeFiles/cmTC_84feb.dir/CheckSymbolExists.c.o -MF CMakeFiles/cmTC_84feb.dir/CheckSymbolExists.c.o.d -o CMakeFiles/cmTC_84feb.dir/CheckSymbolExists.c.o -c /work/build-vtk-wasm-2/CMakeFiles/CMakeTmp/CheckSymbolExists.c
/work/build-vtk-wasm-2/CMakeFiles/CMakeTmp/CheckSymbolExists.c:8:19: error: use of undeclared identifier 'arc4random'; did you mean 'srandom'?
  return ((int*)(&arc4random))[argc];
                  ^~~~~~~~~~
                  srandom
/emsdk/upstream/emscripten/cache/sysroot/include/stdlib.h:117:6: note: 'srandom' declared here
void srandom (unsigned int);
     ^
1 error generated.
emcc: error: '/emsdk/upstream/bin/clang -target wasm32-unknown-emscripten -fignore-exceptions -fvisibility=default -mllvm -combiner-global-alias-analysis=false -mllvm -enable-emscripten-sjlj -mllvm -disable-lsr -DEMSCRIPTEN -Werror=implicit-function-declaration -I/emsdk/upstream/emscripten/cache/sysroot/include/SDL --sysroot=/emsdk/upstream/emscripten/cache/sysroot -Xclang -iwithsysroot/include/compat -fPIE -MD -MT CMakeFiles/cmTC_84feb.dir/CheckSymbolExists.c.o -MF CMakeFiles/cmTC_84feb.dir/CheckSymbolExists.c.o.d -c /work/build-vtk-wasm-2/CMakeFiles/CMakeTmp/CheckSymbolExists.c -o CMakeFiles/cmTC_84feb.dir/CheckSymbolExists.c.o' failed (returned 1)
ninja: build stopped: subcommand failed.


File /work/build-vtk-wasm-2/CMakeFiles/CMakeTmp/CheckSymbolExists.c:
/* */
#include <stdlib.h>

int main(int argc, char** argv)
{
  (void)argv;
#ifndef arc4random
  return ((int*)(&arc4random))[argc];
#else
  (void)argc;
  return 0;
#endif
}
Determining if the off_t exist failed with the following output:
Change Dir: /work/build-vtk-wasm-2/CMakeFiles/CMakeTmp

Run Build Command(s):/usr/bin/ninja cmTC_e2c4e && [1/2] Building C object CMakeFiles/cmTC_e2c4e.dir/CheckSymbolExists.c.o
FAILED: CMakeFiles/cmTC_e2c4e.dir/CheckSymbolExists.c.o 
/emsdk/upstream/emscripten/emcc   -fPIE -MD -MT CMakeFiles/cmTC_e2c4e.dir/CheckSymbolExists.c.o -MF CMakeFiles/cmTC_e2c4e.dir/CheckSymbolExists.c.o.d -o CMakeFiles/cmTC_e2c4e.dir/CheckSymbolExists.c.o -c /work/build-vtk-wasm-2/CMakeFiles/CMakeTmp/CheckSymbolExists.c
/work/build-vtk-wasm-2/CMakeFiles/CMakeTmp/CheckSymbolExists.c:8:19: error: unexpected type name 'off_t': expected expression
  return ((int*)(&off_t))[argc];
                  ^
1 error generated.
emcc: error: '/emsdk/upstream/bin/clang -target wasm32-unknown-emscripten -fignore-exceptions -fvisibility=default -mllvm -combiner-global-alias-analysis=false -mllvm -enable-emscripten-sjlj -mllvm -disable-lsr -DEMSCRIPTEN -Werror=implicit-function-declaration -I/emsdk/upstream/emscripten/cache/sysroot/include/SDL --sysroot=/emsdk/upstream/emscripten/cache/sysroot -Xclang -iwithsysroot/include/compat -fPIE -MD -MT CMakeFiles/cmTC_e2c4e.dir/CheckSymbolExists.c.o -MF CMakeFiles/cmTC_e2c4e.dir/CheckSymbolExists.c.o.d -c /work/build-vtk-wasm-2/CMakeFiles/CMakeTmp/CheckSymbolExists.c -o CMakeFiles/cmTC_e2c4e.dir/CheckSymbolExists.c.o' failed (returned 1)
ninja: build stopped: subcommand failed.


File /work/build-vtk-wasm-2/CMakeFiles/CMakeTmp/CheckSymbolExists.c:
/* */
#include <sys/types.h>

int main(int argc, char** argv)
{
  (void)argv;
#ifndef off_t
  return ((int*)(&off_t))[argc];
#else
  (void)argc;
  return 0;
#endif
}
Performing C SOURCE FILE Test HAVE_SYSCALL_GETRANDOM failed with the following output:
Change Dir: /work/build-vtk-wasm-2/CMakeFiles/CMakeTmp

Run Build Command(s):/usr/bin/ninja cmTC_68c12 && [1/2] Building C object CMakeFiles/cmTC_68c12.dir/src.c.o
FAILED: CMakeFiles/cmTC_68c12.dir/src.c.o 
/emsdk/upstream/emscripten/emcc -DHAVE_SYSCALL_GETRANDOM  -fPIE -MD -MT CMakeFiles/cmTC_68c12.dir/src.c.o -MF CMakeFiles/cmTC_68c12.dir/src.c.o.d -o CMakeFiles/cmTC_68c12.dir/src.c.o -c /work/build-vtk-wasm-2/CMakeFiles/CMakeTmp/src.c
/work/build-vtk-wasm-2/CMakeFiles/CMakeTmp/src.c:6:13: error: call to undeclared function 'syscall'; ISO C99 and later do not support implicit function declarations [-Wimplicit-function-declaration]
            syscall(SYS_getrandom, NULL, 0, 0);
            ^
/work/build-vtk-wasm-2/CMakeFiles/CMakeTmp/src.c:6:21: error: use of undeclared identifier 'SYS_getrandom'
            syscall(SYS_getrandom, NULL, 0, 0);
                    ^
2 errors generated.
emcc: error: '/emsdk/upstream/bin/clang -target wasm32-unknown-emscripten -fignore-exceptions -fvisibility=default -mllvm -combiner-global-alias-analysis=false -mllvm -enable-emscripten-sjlj -mllvm -disable-lsr -DEMSCRIPTEN -Werror=implicit-function-declaration -I/emsdk/upstream/emscripten/cache/sysroot/include/SDL --sysroot=/emsdk/upstream/emscripten/cache/sysroot -Xclang -iwithsysroot/include/compat -DHAVE_SYSCALL_GETRANDOM -fPIE -MD -MT CMakeFiles/cmTC_68c12.dir/src.c.o -MF CMakeFiles/cmTC_68c12.dir/src.c.o.d -c /work/build-vtk-wasm-2/CMakeFiles/CMakeTmp/src.c -o CMakeFiles/cmTC_68c12.dir/src.c.o' failed (returned 1)
ninja: build stopped: subcommand failed.


Source file was:

        #include <stdlib.h>  /* for NULL */
        #include <unistd.h>  /* for syscall */
        #include <sys/syscall.h>  /* for SYS_getrandom */
        int main() {
            syscall(SYS_getrandom, NULL, 0, 0);
            return 0;
        }
Performing C SOURCE FILE Test HAVE_BROKEN_SS_FAMILY failed with the following output:
Change Dir: /work/build-vtk-wasm-2/CMakeFiles/CMakeTmp

Run Build Command(s):/usr/bin/ninja cmTC_c9e19 && [1/2] Building C object CMakeFiles/cmTC_c9e19.dir/src.c.o
FAILED: CMakeFiles/cmTC_c9e19.dir/src.c.o 
/emsdk/upstream/emscripten/emcc -DHAVE_BROKEN_SS_FAMILY  -fPIE -MD -MT CMakeFiles/cmTC_c9e19.dir/src.c.o -MF CMakeFiles/cmTC_c9e19.dir/src.c.o.d -o CMakeFiles/cmTC_c9e19.dir/src.c.o -c /work/build-vtk-wasm-2/CMakeFiles/CMakeTmp/src.c
/work/build-vtk-wasm-2/CMakeFiles/CMakeTmp/src.c:7:48: error: no member named '__ss_family' in 'struct sockaddr_storage'; did you mean 'ss_family'?
  (void)sizeof(((struct sockaddr_storage *)0)->__ss_family);
                                               ^~~~~~~~~~~
                                               ss_family
/emsdk/upstream/emscripten/cache/sysroot/include/sys/socket.h:375:14: note: 'ss_family' declared here
        sa_family_t ss_family;
                    ^
1 error generated.
emcc: error: '/emsdk/upstream/bin/clang -target wasm32-unknown-emscripten -fignore-exceptions -fvisibility=default -mllvm -combiner-global-alias-analysis=false -mllvm -enable-emscripten-sjlj -mllvm -disable-lsr -DEMSCRIPTEN -Werror=implicit-function-declaration -I/emsdk/upstream/emscripten/cache/sysroot/include/SDL --sysroot=/emsdk/upstream/emscripten/cache/sysroot -Xclang -iwithsysroot/include/compat -DHAVE_BROKEN_SS_FAMILY -fPIE -MD -MT CMakeFiles/cmTC_c9e19.dir/src.c.o -MF CMakeFiles/cmTC_c9e19.dir/src.c.o.d -c /work/build-vtk-wasm-2/CMakeFiles/CMakeTmp/src.c -o CMakeFiles/cmTC_c9e19.dir/src.c.o' failed (returned 1)
ninja: build stopped: subcommand failed.


Source file was:

#include <sys/socket.h>
#include <sys/types.h>

int main()
{
  (void)sizeof(((struct sockaddr_storage *)0)->__ss_family);
  return 0;
}

Determining if the function class exists failed with the following output:
Change Dir: /work/build-vtk-wasm-2/CMakeFiles/CMakeTmp

Run Build Command(s):/usr/bin/ninja cmTC_63876 && [1/2] Building C object CMakeFiles/cmTC_63876.dir/CheckFunctionExists.c.o
[2/2] Linking C executable cmTC_63876.js
FAILED: cmTC_63876.js 
: && /emsdk/upstream/emscripten/emcc -DCHECK_FUNCTION_EXISTS=class  CMakeFiles/cmTC_63876.dir/CheckFunctionExists.c.o -o cmTC_63876.js   && :
wasm-ld: error: CMakeFiles/cmTC_63876.dir/CheckFunctionExists.c.o: undefined symbol: class
emcc: error: '/emsdk/upstream/bin/wasm-ld -o cmTC_63876.wasm CMakeFiles/cmTC_63876.dir/CheckFunctionExists.c.o -L/emsdk/upstream/emscripten/cache/sysroot/lib/wasm32-emscripten -lGL -lal -lhtml5 -lstubs-debug -lnoexit -lc-debug -ldlmalloc -lcompiler_rt -lc++-noexcept -lc++abi-debug-noexcept -lsockets -mllvm -combiner-global-alias-analysis=false -mllvm -enable-emscripten-sjlj -mllvm -disable-lsr --allow-undefined-file=/tmp/tmpoe3w073p.undefined --strip-debug --export-if-defined=main --export-if-defined=__start_em_asm --export-if-defined=__stop_em_asm --export-if-defined=__start_em_lib_deps --export-if-defined=__stop_em_lib_deps --export-if-defined=__start_em_js --export-if-defined=__stop_em_js --export-if-defined=__main_argc_argv --export-if-defined=fflush --export=emscripten_stack_get_end --export=emscripten_stack_get_free --export=emscripten_stack_get_base --export=emscripten_stack_get_current --export=emscripten_stack_init --export=stackSave --export=stackRestore --export=stackAlloc --export=__wasm_call_ctors --export=__errno_location --export=__get_temp_ret --export=__set_temp_ret --export-table -z stack-size=65536 --initial-memory=16777216 --no-entry --max-memory=16777216 --stack-first' failed (returned 1)
ninja: build stopped: subcommand failed.



Determining if files dl.h exist failed with the following output:
Change Dir: /work/build-vtk-wasm-2/CMakeFiles/CMakeTmp

Run Build Command(s):/usr/bin/ninja cmTC_4df26 && [1/2] Building C object CMakeFiles/cmTC_4df26.dir/HAVE_DL_H.c.o
FAILED: CMakeFiles/cmTC_4df26.dir/HAVE_DL_H.c.o 
/emsdk/upstream/emscripten/emcc   -fPIE -MD -MT CMakeFiles/cmTC_4df26.dir/HAVE_DL_H.c.o -MF CMakeFiles/cmTC_4df26.dir/HAVE_DL_H.c.o.d -o CMakeFiles/cmTC_4df26.dir/HAVE_DL_H.c.o -c /work/build-vtk-wasm-2/CMakeFiles/CheckIncludeFiles/HAVE_DL_H.c
/work/build-vtk-wasm-2/CMakeFiles/CheckIncludeFiles/HAVE_DL_H.c:2:10: fatal error: 'dl.h' file not found
#include <dl.h>
         ^~~~~~
1 error generated.
emcc: error: '/emsdk/upstream/bin/clang -target wasm32-unknown-emscripten -fignore-exceptions -fvisibility=default -mllvm -combiner-global-alias-analysis=false -mllvm -enable-emscripten-sjlj -mllvm -disable-lsr -DEMSCRIPTEN -Werror=implicit-function-declaration -I/emsdk/upstream/emscripten/cache/sysroot/include/SDL --sysroot=/emsdk/upstream/emscripten/cache/sysroot -Xclang -iwithsysroot/include/compat -fPIE -MD -MT CMakeFiles/cmTC_4df26.dir/HAVE_DL_H.c.o -MF CMakeFiles/cmTC_4df26.dir/HAVE_DL_H.c.o.d -c /work/build-vtk-wasm-2/CMakeFiles/CheckIncludeFiles/HAVE_DL_H.c -o CMakeFiles/cmTC_4df26.dir/HAVE_DL_H.c.o' failed (returned 1)
ninja: build stopped: subcommand failed.


Source:
/* */
#include <dl.h>


int main(void){return 0;}

Determining if the function fpclass exists failed with the following output:
Change Dir: /work/build-vtk-wasm-2/CMakeFiles/CMakeTmp

Run Build Command(s):/usr/bin/ninja cmTC_75080 && [1/2] Building C object CMakeFiles/cmTC_75080.dir/CheckFunctionExists.c.o
[2/2] Linking C executable cmTC_75080.js
FAILED: cmTC_75080.js 
: && /emsdk/upstream/emscripten/emcc -DCHECK_FUNCTION_EXISTS=fpclass  CMakeFiles/cmTC_75080.dir/CheckFunctionExists.c.o -o cmTC_75080.js   && :
wasm-ld: error: CMakeFiles/cmTC_75080.dir/CheckFunctionExists.c.o: undefined symbol: fpclass
emcc: error: '/emsdk/upstream/bin/wasm-ld -o cmTC_75080.wasm CMakeFiles/cmTC_75080.dir/CheckFunctionExists.c.o -L/emsdk/upstream/emscripten/cache/sysroot/lib/wasm32-emscripten -lGL -lal -lhtml5 -lstubs-debug -lnoexit -lc-debug -ldlmalloc -lcompiler_rt -lc++-noexcept -lc++abi-debug-noexcept -lsockets -mllvm -combiner-global-alias-analysis=false -mllvm -enable-emscripten-sjlj -mllvm -disable-lsr --allow-undefined-file=/tmp/tmpnuxwxywh.undefined --strip-debug --export-if-defined=main --export-if-defined=__start_em_asm --export-if-defined=__stop_em_asm --export-if-defined=__start_em_lib_deps --export-if-defined=__stop_em_lib_deps --export-if-defined=__start_em_js --export-if-defined=__stop_em_js --export-if-defined=__main_argc_argv --export-if-defined=fflush --export=emscripten_stack_get_end --export=emscripten_stack_get_free --export=emscripten_stack_get_base --export=emscripten_stack_get_current --export=emscripten_stack_init --export=stackSave --export=stackRestore --export=stackAlloc --export=__wasm_call_ctors --export=__errno_location --export=__get_temp_ret --export=__set_temp_ret --export-table -z stack-size=65536 --initial-memory=16777216 --no-entry --max-memory=16777216 --stack-first' failed (returned 1)
ninja: build stopped: subcommand failed.



Determining if the function append_history exists in the history failed with the following output:
Change Dir: /work/build-vtk-wasm-2/CMakeFiles/CMakeTmp

Run Build Command(s):/usr/bin/ninja cmTC_a9a7c && [1/2] Building C object CMakeFiles/cmTC_a9a7c.dir/CheckFunctionExists.c.o
[2/2] Linking C executable cmTC_a9a7c.js
FAILED: cmTC_a9a7c.js 
: && /emsdk/upstream/emscripten/emcc -DCHECK_FUNCTION_EXISTS=append_history  CMakeFiles/cmTC_a9a7c.dir/CheckFunctionExists.c.o -o cmTC_a9a7c.js  -lhistory && :
wasm-ld: error: unable to find library -lhistory
emcc: error: '/emsdk/upstream/bin/wasm-ld -o cmTC_a9a7c.wasm CMakeFiles/cmTC_a9a7c.dir/CheckFunctionExists.c.o -lhistory -L/emsdk/upstream/emscripten/cache/sysroot/lib/wasm32-emscripten -lGL -lal -lhtml5 -lstubs-debug -lnoexit -lc-debug -ldlmalloc -lcompiler_rt -lc++-noexcept -lc++abi-debug-noexcept -lsockets -mllvm -combiner-global-alias-analysis=false -mllvm -enable-emscripten-sjlj -mllvm -disable-lsr --allow-undefined-file=/tmp/tmpi173rm7q.undefined --strip-debug --export-if-defined=main --export-if-defined=__start_em_asm --export-if-defined=__stop_em_asm --export-if-defined=__start_em_lib_deps --export-if-defined=__stop_em_lib_deps --export-if-defined=__start_em_js --export-if-defined=__stop_em_js --export-if-defined=__main_argc_argv --export-if-defined=fflush --export=emscripten_stack_get_end --export=emscripten_stack_get_free --export=emscripten_stack_get_base --export=emscripten_stack_get_current --export=emscripten_stack_init --export=stackSave --export=stackRestore --export=stackAlloc --export=__wasm_call_ctors --export=__errno_location --export=__get_temp_ret --export=__set_temp_ret --export-table -z stack-size=65536 --initial-memory=16777216 --no-entry --max-memory=16777216 --stack-first' failed (returned 1)
ninja: build stopped: subcommand failed.



Determining if the function readline exists in the readline failed with the following output:
Change Dir: /work/build-vtk-wasm-2/CMakeFiles/CMakeTmp

Run Build Command(s):/usr/bin/ninja cmTC_a9358 && [1/2] Building C object CMakeFiles/cmTC_a9358.dir/CheckFunctionExists.c.o
[2/2] Linking C executable cmTC_a9358.js
FAILED: cmTC_a9358.js 
: && /emsdk/upstream/emscripten/emcc -DCHECK_FUNCTION_EXISTS=readline  CMakeFiles/cmTC_a9358.dir/CheckFunctionExists.c.o -o cmTC_a9358.js  -lreadline && :
wasm-ld: error: unable to find library -lreadline
emcc: error: '/emsdk/upstream/bin/wasm-ld -o cmTC_a9358.wasm CMakeFiles/cmTC_a9358.dir/CheckFunctionExists.c.o -lreadline -L/emsdk/upstream/emscripten/cache/sysroot/lib/wasm32-emscripten -lGL -lal -lhtml5 -lstubs-debug -lnoexit -lc-debug -ldlmalloc -lcompiler_rt -lc++-noexcept -lc++abi-debug-noexcept -lsockets -mllvm -combiner-global-alias-analysis=false -mllvm -enable-emscripten-sjlj -mllvm -disable-lsr --allow-undefined-file=/tmp/tmpag7h6gp9.undefined --strip-debug --export-if-defined=main --export-if-defined=__start_em_asm --export-if-defined=__stop_em_asm --export-if-defined=__start_em_lib_deps --export-if-defined=__stop_em_lib_deps --export-if-defined=__start_em_js --export-if-defined=__stop_em_js --export-if-defined=__main_argc_argv --export-if-defined=fflush --export=emscripten_stack_get_end --export=emscripten_stack_get_free --export=emscripten_stack_get_base --export=emscripten_stack_get_current --export=emscripten_stack_init --export=stackSave --export=stackRestore --export=stackAlloc --export=__wasm_call_ctors --export=__errno_location --export=__get_temp_ret --export=__set_temp_ret --export-table -z stack-size=65536 --initial-memory=16777216 --no-entry --max-memory=16777216 --stack-first' failed (returned 1)
ninja: build stopped: subcommand failed.



Determining if the function shl_load exists in the dld failed with the following output:
Change Dir: /work/build-vtk-wasm-2/CMakeFiles/CMakeTmp

Run Build Command(s):/usr/bin/ninja cmTC_1f990 && [1/2] Building C object CMakeFiles/cmTC_1f990.dir/CheckFunctionExists.c.o
[2/2] Linking C executable cmTC_1f990.js
FAILED: cmTC_1f990.js 
: && /emsdk/upstream/emscripten/emcc -DCHECK_FUNCTION_EXISTS=shl_load  CMakeFiles/cmTC_1f990.dir/CheckFunctionExists.c.o -o cmTC_1f990.js  -ldld && :
wasm-ld: error: unable to find library -ldld
emcc: error: '/emsdk/upstream/bin/wasm-ld -o cmTC_1f990.wasm CMakeFiles/cmTC_1f990.dir/CheckFunctionExists.c.o -ldld -L/emsdk/upstream/emscripten/cache/sysroot/lib/wasm32-emscripten -lGL -lal -lhtml5 -lstubs-debug -lnoexit -lc-debug -ldlmalloc -lcompiler_rt -lc++-noexcept -lc++abi-debug-noexcept -lsockets -mllvm -combiner-global-alias-analysis=false -mllvm -enable-emscripten-sjlj -mllvm -disable-lsr --allow-undefined-file=/tmp/tmp2mxfm_7c.undefined --strip-debug --export-if-defined=main --export-if-defined=__start_em_asm --export-if-defined=__stop_em_asm --export-if-defined=__start_em_lib_deps --export-if-defined=__stop_em_lib_deps --export-if-defined=__start_em_js --export-if-defined=__stop_em_js --export-if-defined=__main_argc_argv --export-if-defined=fflush --export=emscripten_stack_get_end --export=emscripten_stack_get_free --export=emscripten_stack_get_base --export=emscripten_stack_get_current --export=emscripten_stack_init --export=stackSave --export=stackRestore --export=stackAlloc --export=__wasm_call_ctors --export=__errno_location --export=__get_temp_ret --export=__set_temp_ret --export-table -z stack-size=65536 --initial-memory=16777216 --no-entry --max-memory=16777216 --stack-first' failed (returned 1)
ninja: build stopped: subcommand failed.



Determining if the function va_copy exists failed with the following output:
Change Dir: /work/build-vtk-wasm-2/CMakeFiles/CMakeTmp

Run Build Command(s):/usr/bin/ninja cmTC_89882 && [1/2] Building C object CMakeFiles/cmTC_89882.dir/CheckFunctionExists.c.o
FAILED: CMakeFiles/cmTC_89882.dir/CheckFunctionExists.c.o 
/emsdk/upstream/emscripten/emcc   -DCHECK_FUNCTION_EXISTS=va_copy -fPIE -MD -MT CMakeFiles/cmTC_89882.dir/CheckFunctionExists.c.o -MF CMakeFiles/cmTC_89882.dir/CheckFunctionExists.c.o.d -o CMakeFiles/cmTC_89882.dir/CheckFunctionExists.c.o -c /usr/share/cmake-3.24/Modules/CheckFunctionExists.c
/usr/share/cmake-3.24/Modules/CheckFunctionExists.c:7:3: error: cannot redeclare builtin function 'va_copy'
  CHECK_FUNCTION_EXISTS(void);
  ^
<command line>:2:31: note: expanded from here
#define CHECK_FUNCTION_EXISTS va_copy
                              ^
/usr/share/cmake-3.24/Modules/CheckFunctionExists.c:7:3: note: 'va_copy' is a builtin with type 'void (__builtin_va_list &, __builtin_va_list &)'
<command line>:2:31: note: expanded from here
#define CHECK_FUNCTION_EXISTS va_copy
                              ^
/usr/share/cmake-3.24/Modules/CheckFunctionExists.c:17:25: error: too few arguments to function call, expected 2, have 0
  CHECK_FUNCTION_EXISTS();
  ~~~~~~~~~~~~~~~~~~~~~ ^
2 errors generated.
emcc: error: '/emsdk/upstream/bin/clang -target wasm32-unknown-emscripten -fignore-exceptions -fvisibility=default -mllvm -combiner-global-alias-analysis=false -mllvm -enable-emscripten-sjlj -mllvm -disable-lsr -DEMSCRIPTEN -Werror=implicit-function-declaration -I/emsdk/upstream/emscripten/cache/sysroot/include/SDL --sysroot=/emsdk/upstream/emscripten/cache/sysroot -Xclang -iwithsysroot/include/compat -DCHECK_FUNCTION_EXISTS=va_copy -fPIE -MD -MT CMakeFiles/cmTC_89882.dir/CheckFunctionExists.c.o -MF CMakeFiles/cmTC_89882.dir/CheckFunctionExists.c.o.d -c /usr/share/cmake-3.24/Modules/CheckFunctionExists.c -o CMakeFiles/cmTC_89882.dir/CheckFunctionExists.c.o' failed (returned 1)
ninja: build stopped: subcommand failed.



Determining if the function __va_copy exists failed with the following output:
Change Dir: /work/build-vtk-wasm-2/CMakeFiles/CMakeTmp

Run Build Command(s):/usr/bin/ninja cmTC_82eaa && [1/2] Building C object CMakeFiles/cmTC_82eaa.dir/CheckFunctionExists.c.o
[2/2] Linking C executable cmTC_82eaa.js
FAILED: cmTC_82eaa.js 
: && /emsdk/upstream/emscripten/emcc -DCHECK_FUNCTION_EXISTS=__va_copy  CMakeFiles/cmTC_82eaa.dir/CheckFunctionExists.c.o -o cmTC_82eaa.js   && :
wasm-ld: error: CMakeFiles/cmTC_82eaa.dir/CheckFunctionExists.c.o: undefined symbol: __va_copy
emcc: error: '/emsdk/upstream/bin/wasm-ld -o cmTC_82eaa.wasm CMakeFiles/cmTC_82eaa.dir/CheckFunctionExists.c.o -L/emsdk/upstream/emscripten/cache/sysroot/lib/wasm32-emscripten -lGL -lal -lhtml5 -lstubs-debug -lnoexit -lc-debug -ldlmalloc -lcompiler_rt -lc++-noexcept -lc++abi-debug-noexcept -lsockets -mllvm -combiner-global-alias-analysis=false -mllvm -enable-emscripten-sjlj -mllvm -disable-lsr --allow-undefined-file=/tmp/tmpon5i27h8.undefined --strip-debug --export-if-defined=main --export-if-defined=__start_em_asm --export-if-defined=__stop_em_asm --export-if-defined=__start_em_lib_deps --export-if-defined=__stop_em_lib_deps --export-if-defined=__start_em_js --export-if-defined=__stop_em_js --export-if-defined=__main_argc_argv --export-if-defined=fflush --export=emscripten_stack_get_end --export=emscripten_stack_get_free --export=emscripten_stack_get_base --export=emscripten_stack_get_current --export=emscripten_stack_init --export=stackSave --export=stackRestore --export=stackAlloc --export=__wasm_call_ctors --export=__errno_location --export=__get_temp_ret --export=__set_temp_ret --export-table -z stack-size=65536 --initial-memory=16777216 --no-entry --max-memory=16777216 --stack-first' failed (returned 1)
ninja: build stopped: subcommand failed.



